<?xml version="1.0" encoding="UTF-8"?>
<!-- Generated by org.testng.reporters.JUnitXMLReporter -->
<testsuite ignored="1" hostname="radhakrshnasMBP.attlocal.net" failures="1" tests="1" name="Test" time="7.313" errors="0" timestamp="2024-04-04T23:57:20 GMT-04:00">
  <testcase classname="introduction.Base" name="@AfterTest tearDown" time="0.003">
    <failure type="java.lang.NullPointerException" message="Cannot invoke &amp;quot;org.openqa.selenium.WebDriver.close()&amp;quot; because &amp;quot;this.driver&amp;quot; is null">
      <![CDATA[java.lang.NullPointerException: Cannot invoke "org.openqa.selenium.WebDriver.close()" because "this.driver" is null
at introduction.Base.tearDown(Base.java:39)
... Removed 24 stack frames]]>
    </failure>
  </testcase> <!-- @AfterTest tearDown -->
  <testcase classname="introduction.ApplicationFlow" name="checkFlow" time="7.246">
    <failure type="java.lang.AssertionError" message="expected [11Thank you for your order!] but found [Thank you for your order!]">
      <![CDATA[java.lang.AssertionError: expected [11Thank you for your order!] but found [Thank you for your order!]
at introduction.ApplicationFlow.checkFlow(ApplicationFlow.java:45)
at java.base/java.util.ArrayList.forEach(ArrayList.java:1511)
... Removed 33 stack frames]]>
    </failure>
  </testcase> <!-- checkFlow -->
  <testcase classname="introduction.Base" name="@AfterTest tearDown" time="0.0">
    <ignored/>
  </testcase> <!-- @AfterTest tearDown -->
</testsuite> <!-- Test -->
